<?xml version="1.0" encoding="UTF-8"?>
<testng-results ignored="0" total="2" passed="2" failed="0" skipped="0">
  <reporter-output>
  </reporter-output>
  <suite started-at="2024-11-11T16:26:30 IST" name="Surefire suite" finished-at="2024-11-11T16:26:43 IST" duration-ms="13076">
    <groups>
      <group name="cucumber">
        <method signature="AbstractTestNGCucumberTests.runScenario(io.cucumber.testng.PickleWrapper,io.cucumber.testng.FeatureWrapper)[pri:0, instance:BDD.Cucumber.TestRunner@4b5a5ed1]" name="runScenario" class="io.cucumber.testng.AbstractTestNGCucumberTests"/>
      </group> <!-- cucumber -->
    </groups>
    <test started-at="2024-11-11T16:26:30 IST" name="Surefire test" finished-at="2024-11-11T16:26:43 IST" duration-ms="13076">
      <class name="BDD.Cucumber.TestRunner">
        <test-method is-config="true" signature="setUpClass(org.testng.ITestContext)[pri:0, instance:BDD.Cucumber.TestRunner@4b5a5ed1]" started-at="2024-11-11T16:26:30 IST" name="setUpClass" finished-at="2024-11-11T16:26:31 IST" duration-ms="1011" status="PASS">
          <params>
            <param index="0">
              <value>
                <![CDATA[org.testng.TestRunner@6e0e5dec]]>
              </value>
            </param>
          </params>
          <reporter-output>
          </reporter-output>
        </test-method> <!-- setUpClass -->
        <test-method signature="runScenario(io.cucumber.testng.PickleWrapper,io.cucumber.testng.FeatureWrapper)[pri:0, instance:BDD.Cucumber.TestRunner@4b5a5ed1]" started-at="2024-11-11T16:26:31 IST" name="runScenario" description="Runs Cucumber Scenarios" data-provider="scenarios" finished-at="2024-11-11T16:26:38 IST" duration-ms="6642" status="PASS">
          <params>
            <param index="0">
              <value>
                <![CDATA["login with multiple user"]]>
              </value>
            </param>
            <param index="1">
              <value>
                <![CDATA["login feature"]]>
              </value>
            </param>
          </params>
          <reporter-output>
          </reporter-output>
        </test-method> <!-- runScenario -->
        <test-method signature="runScenario(io.cucumber.testng.PickleWrapper,io.cucumber.testng.FeatureWrapper)[pri:0, instance:BDD.Cucumber.TestRunner@4b5a5ed1]" started-at="2024-11-11T16:26:38 IST" name="runScenario" description="Runs Cucumber Scenarios" data-provider="scenarios" finished-at="2024-11-11T16:26:42 IST" duration-ms="4460" status="PASS">
          <params>
            <param index="0">
              <value>
                <![CDATA["login with multiple user"]]>
              </value>
            </param>
            <param index="1">
              <value>
                <![CDATA["login feature"]]>
              </value>
            </param>
          </params>
          <reporter-output>
          </reporter-output>
        </test-method> <!-- runScenario -->
        <test-method is-config="true" signature="tearDownClass()[pri:0, instance:BDD.Cucumber.TestRunner@4b5a5ed1]" started-at="2024-11-11T16:26:42 IST" name="tearDownClass" finished-at="2024-11-11T16:26:43 IST" duration-ms="877" status="PASS">
          <reporter-output>
          </reporter-output>
        </test-method> <!-- tearDownClass -->
      </class> <!-- BDD.Cucumber.TestRunner -->
    </test> <!-- Surefire test -->
  </suite> <!-- Surefire suite -->
</testng-results>
